<?xml version="1.0" encoding="UTF-8"?>
<!-- Generated by org.testng.reporters.JUnitReportReporter -->
<testsuite hostname="DESKTOP-QFABMPS" failures="0" tests="9" name="com.zomato.tests.OfferTest" time="2.811" errors="0" timestamp="2025-03-03T06:31:27 IST" skipped="0">
  <testcase classname="com.zomato.tests.OfferTest" name="testZeroCartValue" time="0.051"/>
  <testcase classname="com.zomato.tests.OfferTest" name="testDecimalValueRounding" time="0.068"/>
  <testcase classname="com.zomato.tests.OfferTest" name="testOfferHigherThanCartValue" time="0.051"/>
  <testcase classname="com.zomato.tests.OfferTest" name="checkFlatXForOneSegment" time="0.326"/>
  <testcase classname="com.zomato.tests.OfferTest" name="testHighCartValueLargeDiscount" time="0.074"/>
  <testcase classname="com.zomato.tests.OfferTest" name="testApplyFlatXOfferForP1" time="2.074"/>
  <testcase classname="com.zomato.tests.OfferTest" name="testApplyFlatXPercentOfferForP2" time="0.062"/>
  <testcase classname="com.zomato.tests.OfferTest" name="testMissingOfferForValidSegment" time="0.059"/>
  <testcase classname="com.zomato.tests.OfferTest" name="testMultipleOffersSequentially" time="0.046"/>
</testsuite> <!-- com.zomato.tests.OfferTest -->
